<?xml version="1.0" encoding="UTF-8"?>
<!-- Generated by org.testng.reporters.JUnitReportReporter -->
<testsuite hostname="DESKTOP-OUV82N9" failures="0" tests="1" name="car_search.outsation_oneway" time="2.059" errors="0" timestamp="2023-09-05T01:07:33 IST" skipped="0">
  <testcase classname="car_search.outsation_oneway" name="oneway_search" time="2.059"/>
</testsuite> <!-- car_search.outsation_oneway -->
