<?xml version="1.0" encoding="UTF-8"?>
<!-- Generated by org.testng.reporters.JUnitReportReporter -->
<testsuite hostname="DESKTOP-OUV82N9" failures="0" tests="1" name="car_search.deals" time="4.330" errors="0" timestamp="2023-09-05T14:33:59 IST" skipped="0">
  <testcase classname="car_search.deals" name="oneway_deals" time="4.330"/>
</testsuite> <!-- car_search.deals -->
