<?xml version="1.0" encoding="UTF-8"?>
<!-- Generated by org.testng.reporters.JUnitReportReporter -->
<testsuite hostname="DESKTOP-OUV82N9" failures="0" tests="2" name="car_search.local" time="10.108" errors="0" timestamp="2023-09-05T14:33:59 IST" skipped="0">
  <testcase classname="car_search.local" name="half_day" time="4.357"/>
  <testcase classname="car_search.local" name="full_day" time="5.751"/>
</testsuite> <!-- car_search.local -->
