<?xml version="1.0" encoding="UTF-8"?>
<!-- Generated by org.testng.reporters.JUnitReportReporter -->
<testsuite hostname="DESKTOP-OUV82N9" failures="0" tests="3" name="car_search.outsation" time="13.391" errors="0" timestamp="2023-09-05T14:33:59 IST" skipped="0">
  <testcase classname="car_search.outsation" name="oneway_search" time="3.999"/>
  <testcase classname="car_search.outsation" name="roundtrip_search" time="4.281"/>
  <testcase classname="car_search.outsation" name="multicity_search" time="5.111"/>
</testsuite> <!-- car_search.outsation -->
