<?xml version="1.0" encoding="UTF-8"?>
<!-- Generated by org.testng.reporters.JUnitReportReporter -->
<testsuite hostname="DESKTOP-OUV82N9" failures="0" tests="1" name="Testng_selenium.clearcarrental" time="0.300" errors="0" timestamp="2023-09-05T00:29:09 IST" skipped="0">
  <testcase classname="Testng_selenium.clearcarrental" name="outstation" time="0.300"/>
</testsuite> <!-- Testng_selenium.clearcarrental -->
