<?xml version="1.0" encoding="UTF-8"?>
<!-- Generated by org.testng.reporters.JUnitReportReporter -->
<testsuite hostname="DESKTOP-OUV82N9" failures="0" tests="3" name="car_search.transfer" time="16.253" errors="0" timestamp="2023-09-05T14:33:59 IST" skipped="0">
  <testcase classname="car_search.transfer" name="railway_station" time="5.192"/>
  <testcase classname="car_search.transfer" name="airport" time="5.908"/>
  <testcase classname="car_search.transfer" name="area_hotel" time="5.153"/>
</testsuite> <!-- car_search.transfer -->
